{
  "/Users/gabi/Learning/cypress/taste-the-sauce/src/utils/Constants.js": {
    "path": "/Users/gabi/Learning/cypress/taste-the-sauce/src/utils/Constants.js",
    "statementMap": {
      "0": {
        "start": {
          "line": 1,
          "column": 27
        },
        "end": {
          "line": 1,
          "column": 65
        }
      },
      "1": {
        "start": {
          "line": 2,
          "column": 31
        },
        "end": {
          "line": 7,
          "column": 1
        }
      },
      "2": {
        "start": {
          "line": 8,
          "column": 30
        },
        "end": {
          "line": 8,
          "column": 44
        }
      },
      "3": {
        "start": {
          "line": 9,
          "column": 22
        },
        "end": {
          "line": 17,
          "column": 1
        }
      },
      "4": {
        "start": {
          "line": 18,
          "column": 29
        },
        "end": {
          "line": 18,
          "column": 44
        }
      },
      "5": {
        "start": {
          "line": 19,
          "column": 32
        },
        "end": {
          "line": 19,
          "column": 50
        }
      }
    },
    "fnMap": {},
    "branchMap": {},
    "s": {
      "0": 2,
      "1": 2,
      "2": 2,
      "3": 2,
      "4": 2,
      "5": 2
    },
    "f": {},
    "b": {},
    "_coverageSchema": "1a1c01bbd47fc00a2c39e90264f33305004495a9",
    "hash": "6fecf86bd8246f73ec2a26ea46b4e1102add2845"
  },
  "/Users/gabi/Learning/cypress/taste-the-sauce/src/utils/Credentials.js": {
    "path": "/Users/gabi/Learning/cypress/taste-the-sauce/src/utils/Credentials.js",
    "statementMap": {
      "0": {
        "start": {
          "line": 13,
          "column": 2
        },
        "end": {
          "line": 15,
          "column": 3
        }
      },
      "1": {
        "start": {
          "line": 14,
          "column": 4
        },
        "end": {
          "line": 14,
          "column": 16
        }
      },
      "2": {
        "start": {
          "line": 17,
          "column": 2
        },
        "end": {
          "line": 17,
          "column": 43
        }
      },
      "3": {
        "start": {
          "line": 28,
          "column": 15
        },
        "end": {
          "line": 28,
          "column": 25
        }
      },
      "4": {
        "start": {
          "line": 29,
          "column": 18
        },
        "end": {
          "line": 29,
          "column": 25
        }
      },
      "5": {
        "start": {
          "line": 34,
          "column": 2
        },
        "end": {
          "line": 34,
          "column": 47
        }
      },
      "6": {
        "start": {
          "line": 36,
          "column": 2
        },
        "end": {
          "line": 36,
          "column": 60
        }
      },
      "7": {
        "start": {
          "line": 43,
          "column": 2
        },
        "end": {
          "line": 43,
          "column": 34
        }
      },
      "8": {
        "start": {
          "line": 52,
          "column": 2
        },
        "end": {
          "line": 52,
          "column": 57
        }
      },
      "9": {
        "start": {
          "line": 61,
          "column": 2
        },
        "end": {
          "line": 61,
          "column": 68
        }
      },
      "10": {
        "start": {
          "line": 70,
          "column": 2
        },
        "end": {
          "line": 70,
          "column": 60
        }
      },
      "11": {
        "start": {
          "line": 79,
          "column": 26
        },
        "end": {
          "line": 79,
          "column": 55
        }
      },
      "12": {
        "start": {
          "line": 80,
          "column": 26
        },
        "end": {
          "line": 80,
          "column": 67
        }
      },
      "13": {
        "start": {
          "line": 82,
          "column": 2
        },
        "end": {
          "line": 82,
          "column": 65
        }
      }
    },
    "fnMap": {
      "0": {
        "name": "verifyCredentials",
        "decl": {
          "start": {
            "line": 12,
            "column": 16
          },
          "end": {
            "line": 12,
            "column": 33
          }
        },
        "loc": {
          "start": {
            "line": 12,
            "column": 54
          },
          "end": {
            "line": 18,
            "column": 1
          }
        },
        "line": 12
      },
      "1": {
        "name": "setCredentials",
        "decl": {
          "start": {
            "line": 27,
            "column": 16
          },
          "end": {
            "line": 27,
            "column": 30
          }
        },
        "loc": {
          "start": {
            "line": 27,
            "column": 51
          },
          "end": {
            "line": 37,
            "column": 1
          }
        },
        "line": 27
      },
      "2": {
        "name": "removeCredentials",
        "decl": {
          "start": {
            "line": 42,
            "column": 16
          },
          "end": {
            "line": 42,
            "column": 33
          }
        },
        "loc": {
          "start": {
            "line": 42,
            "column": 36
          },
          "end": {
            "line": 44,
            "column": 1
          }
        },
        "line": 42
      },
      "3": {
        "name": "isProblemUser",
        "decl": {
          "start": {
            "line": 51,
            "column": 16
          },
          "end": {
            "line": 51,
            "column": 29
          }
        },
        "loc": {
          "start": {
            "line": 51,
            "column": 32
          },
          "end": {
            "line": 53,
            "column": 1
          }
        },
        "line": 51
      },
      "4": {
        "name": "isPerformanceGlitchUser",
        "decl": {
          "start": {
            "line": 60,
            "column": 16
          },
          "end": {
            "line": 60,
            "column": 39
          }
        },
        "loc": {
          "start": {
            "line": 60,
            "column": 42
          },
          "end": {
            "line": 62,
            "column": 1
          }
        },
        "line": 60
      },
      "5": {
        "name": "isLockedOutUser",
        "decl": {
          "start": {
            "line": 69,
            "column": 16
          },
          "end": {
            "line": 69,
            "column": 31
          }
        },
        "loc": {
          "start": {
            "line": 69,
            "column": 34
          },
          "end": {
            "line": 71,
            "column": 1
          }
        },
        "line": 69
      },
      "6": {
        "name": "isLoggedIn",
        "decl": {
          "start": {
            "line": 78,
            "column": 16
          },
          "end": {
            "line": 78,
            "column": 26
          }
        },
        "loc": {
          "start": {
            "line": 78,
            "column": 29
          },
          "end": {
            "line": 83,
            "column": 1
          }
        },
        "line": 78
      }
    },
    "branchMap": {
      "0": {
        "loc": {
          "start": {
            "line": 13,
            "column": 2
          },
          "end": {
            "line": 15,
            "column": 3
          }
        },
        "type": "if",
        "locations": [
          {
            "start": {
              "line": 13,
              "column": 2
            },
            "end": {
              "line": 15,
              "column": 3
            }
          },
          {
            "start": {
              "line": 13,
              "column": 2
            },
            "end": {
              "line": 15,
              "column": 3
            }
          }
        ],
        "line": 13
      },
      "1": {
        "loc": {
          "start": {
            "line": 82,
            "column": 9
          },
          "end": {
            "line": 82,
            "column": 65
          }
        },
        "type": "binary-expr",
        "locations": [
          {
            "start": {
              "line": 82,
              "column": 9
            },
            "end": {
              "line": 82,
              "column": 24
            }
          },
          {
            "start": {
              "line": 82,
              "column": 28
            },
            "end": {
              "line": 82,
              "column": 65
            }
          }
        ],
        "line": 82
      }
    },
    "s": {
      "0": 1,
      "1": 0,
      "2": 1,
      "3": 1,
      "4": 1,
      "5": 1,
      "6": 1,
      "7": 0,
      "8": 26,
      "9": 2,
      "10": 1,
      "11": 2,
      "12": 2,
      "13": 2
    },
    "f": {
      "0": 1,
      "1": 1,
      "2": 0,
      "3": 26,
      "4": 2,
      "5": 1,
      "6": 2
    },
    "b": {
      "0": [
        0,
        1
      ],
      "1": [
        2,
        2
      ]
    },
    "_coverageSchema": "1a1c01bbd47fc00a2c39e90264f33305004495a9",
    "hash": "4db72f1610892bb3292790e9db5d8a511f14868e"
  },
  "/Users/gabi/Learning/cypress/taste-the-sauce/src/components/InputError.jsx": {
    "path": "/Users/gabi/Learning/cypress/taste-the-sauce/src/components/InputError.jsx",
    "statementMap": {
      "0": {
        "start": {
          "line": 7,
          "column": 27
        },
        "end": {
          "line": 10,
          "column": 1
        }
      },
      "1": {
        "start": {
          "line": 11,
          "column": 19
        },
        "end": {
          "line": 44,
          "column": 1
        }
      },
      "2": {
        "start": {
          "line": 20,
          "column": 2
        },
        "end": {
          "line": 43,
          "column": 4
        }
      },
      "3": {
        "start": {
          "line": 46,
          "column": 0
        },
        "end": {
          "line": 71,
          "column": 2
        }
      },
      "4": {
        "start": {
          "line": 73,
          "column": 0
        },
        "end": {
          "line": 78,
          "column": 2
        }
      }
    },
    "fnMap": {
      "0": {
        "name": "(anonymous_0)",
        "decl": {
          "start": {
            "line": 11,
            "column": 19
          },
          "end": {
            "line": 11,
            "column": 20
          }
        },
        "loc": {
          "start": {
            "line": 19,
            "column": 6
          },
          "end": {
            "line": 44,
            "column": 1
          }
        },
        "line": 19
      }
    },
    "branchMap": {
      "0": {
        "loc": {
          "start": {
            "line": 25,
            "column": 44
          },
          "end": {
            "line": 25,
            "column": 67
          }
        },
        "type": "cond-expr",
        "locations": [
          {
            "start": {
              "line": 25,
              "column": 54
            },
            "end": {
              "line": 25,
              "column": 62
            }
          },
          {
            "start": {
              "line": 25,
              "column": 65
            },
            "end": {
              "line": 25,
              "column": 67
            }
          }
        ],
        "line": 25
      },
      "1": {
        "loc": {
          "start": {
            "line": 30,
            "column": 13
          },
          "end": {
            "line": 36,
            "column": 14
          }
        },
        "type": "cond-expr",
        "locations": [
          {
            "start": {
              "line": 31,
              "column": 12
            },
            "end": {
              "line": 35,
              "column": 13
            }
          },
          {
            "start": {
              "line": 36,
              "column": 12
            },
            "end": {
              "line": 36,
              "column": 14
            }
          }
        ],
        "line": 30
      },
      "2": {
        "loc": {
          "start": {
            "line": 39,
            "column": 7
          },
          "end": {
            "line": 41,
            "column": 7
          }
        },
        "type": "binary-expr",
        "locations": [
          {
            "start": {
              "line": 39,
              "column": 7
            },
            "end": {
              "line": 39,
              "column": 14
            }
          },
          {
            "start": {
              "line": 40,
              "column": 8
            },
            "end": {
              "line": 40,
              "column": 71
            }
          }
        ],
        "line": 39
      }
    },
    "s": {
      "0": 2,
      "1": 2,
      "2": 52,
      "3": 2,
      "4": 2
    },
    "f": {
      "0": 52
    },
    "b": {
      "0": [
        0,
        52
      ],
      "1": [
        52,
        0
      ],
      "2": [
        52,
        0
      ]
    },
    "_coverageSchema": "1a1c01bbd47fc00a2c39e90264f33305004495a9",
    "hash": "9300ac21726c49b3dc8d8a8abe209a4c9d59dec0"
  },
  "/Users/gabi/Learning/cypress/taste-the-sauce/src/components/SubmitButton.jsx": {
    "path": "/Users/gabi/Learning/cypress/taste-the-sauce/src/components/SubmitButton.jsx",
    "statementMap": {
      "0": {
        "start": {
          "line": 5,
          "column": 21
        },
        "end": {
          "line": 22,
          "column": 1
        }
      },
      "1": {
        "start": {
          "line": 6,
          "column": 21
        },
        "end": {
          "line": 6,
          "column": 57
        }
      },
      "2": {
        "start": {
          "line": 7,
          "column": 2
        },
        "end": {
          "line": 21,
          "column": 4
        }
      },
      "3": {
        "start": {
          "line": 24,
          "column": 0
        },
        "end": {
          "line": 37,
          "column": 2
        }
      },
      "4": {
        "start": {
          "line": 39,
          "column": 0
        },
        "end": {
          "line": 42,
          "column": 2
        }
      }
    },
    "fnMap": {
      "0": {
        "name": "(anonymous_0)",
        "decl": {
          "start": {
            "line": 5,
            "column": 21
          },
          "end": {
            "line": 5,
            "column": 22
          }
        },
        "loc": {
          "start": {
            "line": 5,
            "column": 67
          },
          "end": {
            "line": 22,
            "column": 1
          }
        },
        "line": 5
      }
    },
    "branchMap": {
      "0": {
        "loc": {
          "start": {
            "line": 6,
            "column": 21
          },
          "end": {
            "line": 6,
            "column": 57
          }
        },
        "type": "cond-expr",
        "locations": [
          {
            "start": {
              "line": 6,
              "column": 35
            },
            "end": {
              "line": 6,
              "column": 52
            }
          },
          {
            "start": {
              "line": 6,
              "column": 55
            },
            "end": {
              "line": 6,
              "column": 57
            }
          }
        ],
        "line": 6
      },
      "1": {
        "loc": {
          "start": {
            "line": 12,
            "column": 11
          },
          "end": {
            "line": 18,
            "column": 12
          }
        },
        "type": "cond-expr",
        "locations": [
          {
            "start": {
              "line": 13,
              "column": 10
            },
            "end": {
              "line": 17,
              "column": 11
            }
          },
          {
            "start": {
              "line": 18,
              "column": 10
            },
            "end": {
              "line": 18,
              "column": 12
            }
          }
        ],
        "line": 12
      }
    },
    "s": {
      "0": 2,
      "1": 26,
      "2": 26,
      "3": 2,
      "4": 2
    },
    "f": {
      "0": 26
    },
    "b": {
      "0": [
        26,
        0
      ],
      "1": [
        26,
        0
      ]
    },
    "_coverageSchema": "1a1c01bbd47fc00a2c39e90264f33305004495a9",
    "hash": "01ef44af57b608ea6233006a1685e953eb593fe3"
  },
  "/Users/gabi/Learning/cypress/taste-the-sauce/src/components/ErrorMessage.jsx": {
    "path": "/Users/gabi/Learning/cypress/taste-the-sauce/src/components/ErrorMessage.jsx",
    "statementMap": {
      "0": {
        "start": {
          "line": 7,
          "column": 21
        },
        "end": {
          "line": 25,
          "column": 1
        }
      },
      "1": {
        "start": {
          "line": 8,
          "column": 2
        },
        "end": {
          "line": 24,
          "column": 4
        }
      },
      "2": {
        "start": {
          "line": 27,
          "column": 0
        },
        "end": {
          "line": 40,
          "column": 2
        }
      }
    },
    "fnMap": {
      "0": {
        "name": "(anonymous_0)",
        "decl": {
          "start": {
            "line": 7,
            "column": 21
          },
          "end": {
            "line": 7,
            "column": 22
          }
        },
        "loc": {
          "start": {
            "line": 7,
            "column": 71
          },
          "end": {
            "line": 25,
            "column": 1
          }
        },
        "line": 7
      }
    },
    "branchMap": {
      "0": {
        "loc": {
          "start": {
            "line": 10,
            "column": 43
          },
          "end": {
            "line": 10,
            "column": 66
          }
        },
        "type": "cond-expr",
        "locations": [
          {
            "start": {
              "line": 10,
              "column": 53
            },
            "end": {
              "line": 10,
              "column": 61
            }
          },
          {
            "start": {
              "line": 10,
              "column": 64
            },
            "end": {
              "line": 10,
              "column": 66
            }
          }
        ],
        "line": 10
      },
      "1": {
        "loc": {
          "start": {
            "line": 13,
            "column": 7
          },
          "end": {
            "line": 22,
            "column": 7
          }
        },
        "type": "binary-expr",
        "locations": [
          {
            "start": {
              "line": 13,
              "column": 7
            },
            "end": {
              "line": 13,
              "column": 14
            }
          },
          {
            "start": {
              "line": 16,
              "column": 8
            },
            "end": {
              "line": 21,
              "column": 13
            }
          }
        ],
        "line": 13
      }
    },
    "s": {
      "0": 2,
      "1": 26,
      "2": 2
    },
    "f": {
      "0": 26
    },
    "b": {
      "0": [
        0,
        26
      ],
      "1": [
        26,
        0
      ]
    },
    "_coverageSchema": "1a1c01bbd47fc00a2c39e90264f33305004495a9",
    "hash": "83bc04b4a4dde883f60273d5d3c333e4483a23da"
  },
  "/Users/gabi/Learning/cypress/taste-the-sauce/src/pages/Login.jsx": {
    "path": "/Users/gabi/Learning/cypress/taste-the-sauce/src/pages/Login.jsx",
    "statementMap": {
      "0": {
        "start": {
          "line": 16,
          "column": 32
        },
        "end": {
          "line": 16,
          "column": 37
        }
      },
      "1": {
        "start": {
          "line": 17,
          "column": 28
        },
        "end": {
          "line": 17,
          "column": 40
        }
      },
      "2": {
        "start": {
          "line": 18,
          "column": 34
        },
        "end": {
          "line": 18,
          "column": 46
        }
      },
      "3": {
        "start": {
          "line": 19,
          "column": 34
        },
        "end": {
          "line": 19,
          "column": 46
        }
      },
      "4": {
        "start": {
          "line": 21,
          "column": 2
        },
        "end": {
          "line": 27,
          "column": 23
        }
      },
      "5": {
        "start": {
          "line": 22,
          "column": 4
        },
        "end": {
          "line": 26,
          "column": 5
        }
      },
      "6": {
        "start": {
          "line": 23,
          "column": 6
        },
        "end": {
          "line": 25,
          "column": 8
        }
      },
      "7": {
        "start": {
          "line": 29,
          "column": 23
        },
        "end": {
          "line": 31,
          "column": 3
        }
      },
      "8": {
        "start": {
          "line": 30,
          "column": 4
        },
        "end": {
          "line": 30,
          "column": 17
        }
      },
      "9": {
        "start": {
          "line": 33,
          "column": 23
        },
        "end": {
          "line": 61,
          "column": 3
        }
      },
      "10": {
        "start": {
          "line": 34,
          "column": 4
        },
        "end": {
          "line": 34,
          "column": 25
        }
      },
      "11": {
        "start": {
          "line": 35,
          "column": 4
        },
        "end": {
          "line": 37,
          "column": 5
        }
      },
      "12": {
        "start": {
          "line": 36,
          "column": 6
        },
        "end": {
          "line": 36,
          "column": 46
        }
      },
      "13": {
        "start": {
          "line": 39,
          "column": 4
        },
        "end": {
          "line": 41,
          "column": 5
        }
      },
      "14": {
        "start": {
          "line": 40,
          "column": 6
        },
        "end": {
          "line": 40,
          "column": 46
        }
      },
      "15": {
        "start": {
          "line": 43,
          "column": 4
        },
        "end": {
          "line": 58,
          "column": 5
        }
      },
      "16": {
        "start": {
          "line": 46,
          "column": 6
        },
        "end": {
          "line": 46,
          "column": 41
        }
      },
      "17": {
        "start": {
          "line": 48,
          "column": 6
        },
        "end": {
          "line": 50,
          "column": 7
        }
      },
      "18": {
        "start": {
          "line": 49,
          "column": 8
        },
        "end": {
          "line": 49,
          "column": 65
        }
      },
      "19": {
        "start": {
          "line": 53,
          "column": 6
        },
        "end": {
          "line": 53,
          "column": 37
        }
      },
      "20": {
        "start": {
          "line": 55,
          "column": 6
        },
        "end": {
          "line": 57,
          "column": 8
        }
      },
      "21": {
        "start": {
          "line": 60,
          "column": 4
        },
        "end": {
          "line": 60,
          "column": 14
        }
      },
      "22": {
        "start": {
          "line": 63,
          "column": 27
        },
        "end": {
          "line": 65,
          "column": 3
        }
      },
      "23": {
        "start": {
          "line": 64,
          "column": 4
        },
        "end": {
          "line": 64,
          "column": 34
        }
      },
      "24": {
        "start": {
          "line": 67,
          "column": 27
        },
        "end": {
          "line": 69,
          "column": 3
        }
      },
      "25": {
        "start": {
          "line": 68,
          "column": 4
        },
        "end": {
          "line": 68,
          "column": 34
        }
      },
      "26": {
        "start": {
          "line": 71,
          "column": 2
        },
        "end": {
          "line": 143,
          "column": 4
        }
      }
    },
    "fnMap": {
      "0": {
        "name": "Login",
        "decl": {
          "start": {
            "line": 15,
            "column": 9
          },
          "end": {
            "line": 15,
            "column": 14
          }
        },
        "loc": {
          "start": {
            "line": 15,
            "column": 22
          },
          "end": {
            "line": 144,
            "column": 1
          }
        },
        "line": 15
      },
      "1": {
        "name": "(anonymous_1)",
        "decl": {
          "start": {
            "line": 21,
            "column": 12
          },
          "end": {
            "line": 21,
            "column": 13
          }
        },
        "loc": {
          "start": {
            "line": 21,
            "column": 18
          },
          "end": {
            "line": 27,
            "column": 3
          }
        },
        "line": 21
      },
      "2": {
        "name": "(anonymous_2)",
        "decl": {
          "start": {
            "line": 29,
            "column": 23
          },
          "end": {
            "line": 29,
            "column": 24
          }
        },
        "loc": {
          "start": {
            "line": 29,
            "column": 29
          },
          "end": {
            "line": 31,
            "column": 3
          }
        },
        "line": 29
      },
      "3": {
        "name": "(anonymous_3)",
        "decl": {
          "start": {
            "line": 33,
            "column": 23
          },
          "end": {
            "line": 33,
            "column": 24
          }
        },
        "loc": {
          "start": {
            "line": 33,
            "column": 32
          },
          "end": {
            "line": 61,
            "column": 3
          }
        },
        "line": 33
      },
      "4": {
        "name": "(anonymous_4)",
        "decl": {
          "start": {
            "line": 63,
            "column": 27
          },
          "end": {
            "line": 63,
            "column": 28
          }
        },
        "loc": {
          "start": {
            "line": 63,
            "column": 36
          },
          "end": {
            "line": 65,
            "column": 3
          }
        },
        "line": 63
      },
      "5": {
        "name": "(anonymous_5)",
        "decl": {
          "start": {
            "line": 67,
            "column": 27
          },
          "end": {
            "line": 67,
            "column": 28
          }
        },
        "loc": {
          "start": {
            "line": 67,
            "column": 36
          },
          "end": {
            "line": 69,
            "column": 3
          }
        },
        "line": 67
      }
    },
    "branchMap": {
      "0": {
        "loc": {
          "start": {
            "line": 22,
            "column": 4
          },
          "end": {
            "line": 26,
            "column": 5
          }
        },
        "type": "if",
        "locations": [
          {
            "start": {
              "line": 22,
              "column": 4
            },
            "end": {
              "line": 26,
              "column": 5
            }
          },
          {
            "start": {
              "line": 22,
              "column": 4
            },
            "end": {
              "line": 26,
              "column": 5
            }
          }
        ],
        "line": 22
      },
      "1": {
        "loc": {
          "start": {
            "line": 35,
            "column": 4
          },
          "end": {
            "line": 37,
            "column": 5
          }
        },
        "type": "if",
        "locations": [
          {
            "start": {
              "line": 35,
              "column": 4
            },
            "end": {
              "line": 37,
              "column": 5
            }
          },
          {
            "start": {
              "line": 35,
              "column": 4
            },
            "end": {
              "line": 37,
              "column": 5
            }
          }
        ],
        "line": 35
      },
      "2": {
        "loc": {
          "start": {
            "line": 39,
            "column": 4
          },
          "end": {
            "line": 41,
            "column": 5
          }
        },
        "type": "if",
        "locations": [
          {
            "start": {
              "line": 39,
              "column": 4
            },
            "end": {
              "line": 41,
              "column": 5
            }
          },
          {
            "start": {
              "line": 39,
              "column": 4
            },
            "end": {
              "line": 41,
              "column": 5
            }
          }
        ],
        "line": 39
      },
      "3": {
        "loc": {
          "start": {
            "line": 43,
            "column": 4
          },
          "end": {
            "line": 58,
            "column": 5
          }
        },
        "type": "if",
        "locations": [
          {
            "start": {
              "line": 43,
              "column": 4
            },
            "end": {
              "line": 58,
              "column": 5
            }
          },
          {
            "start": {
              "line": 43,
              "column": 4
            },
            "end": {
              "line": 58,
              "column": 5
            }
          }
        ],
        "line": 43
      },
      "4": {
        "loc": {
          "start": {
            "line": 48,
            "column": 6
          },
          "end": {
            "line": 50,
            "column": 7
          }
        },
        "type": "if",
        "locations": [
          {
            "start": {
              "line": 48,
              "column": 6
            },
            "end": {
              "line": 50,
              "column": 7
            }
          },
          {
            "start": {
              "line": 48,
              "column": 6
            },
            "end": {
              "line": 50,
              "column": 7
            }
          }
        ],
        "line": 48
      }
    },
    "s": {
      "0": 26,
      "1": 26,
      "2": 26,
      "3": 26,
      "4": 26,
      "5": 1,
      "6": 0,
      "7": 26,
      "8": 0,
      "9": 26,
      "10": 1,
      "11": 1,
      "12": 0,
      "13": 1,
      "14": 0,
      "15": 1,
      "16": 1,
      "17": 1,
      "18": 0,
      "19": 1,
      "20": 0,
      "21": 1,
      "22": 26,
      "23": 13,
      "24": 26,
      "25": 12,
      "26": 26
    },
    "f": {
      "0": 26,
      "1": 1,
      "2": 0,
      "3": 1,
      "4": 13,
      "5": 12
    },
    "b": {
      "0": [
        0,
        1
      ],
      "1": [
        0,
        1
      ],
      "2": [
        0,
        1
      ],
      "3": [
        1,
        0
      ],
      "4": [
        0,
        1
      ]
    },
    "_coverageSchema": "1a1c01bbd47fc00a2c39e90264f33305004495a9",
    "hash": "6b9935ae3613486b3961623fd07dc3392895b8ce"
  },
  "/Users/gabi/Learning/cypress/taste-the-sauce/src/utils/InventoryData.js": {
    "path": "/Users/gabi/Learning/cypress/taste-the-sauce/src/utils/InventoryData.js",
    "statementMap": {
      "0": {
        "start": {
          "line": 1,
          "column": 29
        },
        "end": {
          "line": 44,
          "column": 1
        }
      }
    },
    "fnMap": {},
    "branchMap": {},
    "s": {
      "0": 2
    },
    "f": {},
    "b": {},
    "_coverageSchema": "1a1c01bbd47fc00a2c39e90264f33305004495a9",
    "hash": "672acfca569fcae7ac7d1ef69e0e97e4a55a6b14"
  },
  "/Users/gabi/Learning/cypress/taste-the-sauce/src/utils/shopping-cart.js": {
    "path": "/Users/gabi/Learning/cypress/taste-the-sauce/src/utils/shopping-cart.js",
    "statementMap": {
      "0": {
        "start": {
          "line": 4,
          "column": 24
        },
        "end": {
          "line": 4,
          "column": 54
        }
      },
      "1": {
        "start": {
          "line": 7,
          "column": 17
        },
        "end": {
          "line": 7,
          "column": 57
        }
      },
      "2": {
        "start": {
          "line": 7,
          "column": 41
        },
        "end": {
          "line": 7,
          "column": 56
        }
      },
      "3": {
        "start": {
          "line": 8,
          "column": 4
        },
        "end": {
          "line": 14,
          "column": 5
        }
      },
      "4": {
        "start": {
          "line": 10,
          "column": 6
        },
        "end": {
          "line": 10,
          "column": 44
        }
      },
      "5": {
        "start": {
          "line": 13,
          "column": 6
        },
        "end": {
          "line": 13,
          "column": 47
        }
      },
      "6": {
        "start": {
          "line": 19,
          "column": 24
        },
        "end": {
          "line": 19,
          "column": 54
        }
      },
      "7": {
        "start": {
          "line": 20,
          "column": 22
        },
        "end": {
          "line": 20,
          "column": 67
        }
      },
      "8": {
        "start": {
          "line": 20,
          "column": 51
        },
        "end": {
          "line": 20,
          "column": 66
        }
      },
      "9": {
        "start": {
          "line": 22,
          "column": 4
        },
        "end": {
          "line": 28,
          "column": 5
        }
      },
      "10": {
        "start": {
          "line": 24,
          "column": 6
        },
        "end": {
          "line": 24,
          "column": 38
        }
      },
      "11": {
        "start": {
          "line": 27,
          "column": 6
        },
        "end": {
          "line": 27,
          "column": 47
        }
      },
      "12": {
        "start": {
          "line": 33,
          "column": 24
        },
        "end": {
          "line": 33,
          "column": 54
        }
      },
      "13": {
        "start": {
          "line": 36,
          "column": 4
        },
        "end": {
          "line": 36,
          "column": 60
        }
      },
      "14": {
        "start": {
          "line": 36,
          "column": 43
        },
        "end": {
          "line": 36,
          "column": 58
        }
      },
      "15": {
        "start": {
          "line": 41,
          "column": 24
        },
        "end": {
          "line": 41,
          "column": 54
        }
      },
      "16": {
        "start": {
          "line": 43,
          "column": 17
        },
        "end": {
          "line": 43,
          "column": 53
        }
      },
      "17": {
        "start": {
          "line": 43,
          "column": 41
        },
        "end": {
          "line": 43,
          "column": 52
        }
      },
      "18": {
        "start": {
          "line": 44,
          "column": 4
        },
        "end": {
          "line": 44,
          "column": 45
        }
      },
      "19": {
        "start": {
          "line": 46,
          "column": 4
        },
        "end": {
          "line": 48,
          "column": 5
        }
      },
      "20": {
        "start": {
          "line": 47,
          "column": 6
        },
        "end": {
          "line": 47,
          "column": 12
        }
      },
      "21": {
        "start": {
          "line": 50,
          "column": 4
        },
        "end": {
          "line": 50,
          "column": 14
        }
      },
      "22": {
        "start": {
          "line": 52,
          "column": 4
        },
        "end": {
          "line": 52,
          "column": 45
        }
      },
      "23": {
        "start": {
          "line": 57,
          "column": 22
        },
        "end": {
          "line": 57,
          "column": 66
        }
      },
      "24": {
        "start": {
          "line": 60,
          "column": 4
        },
        "end": {
          "line": 65,
          "column": 5
        }
      },
      "25": {
        "start": {
          "line": 61,
          "column": 6
        },
        "end": {
          "line": 61,
          "column": 22
        }
      },
      "26": {
        "start": {
          "line": 64,
          "column": 6
        },
        "end": {
          "line": 64,
          "column": 43
        }
      },
      "27": {
        "start": {
          "line": 67,
          "column": 4
        },
        "end": {
          "line": 67,
          "column": 22
        }
      },
      "28": {
        "start": {
          "line": 71,
          "column": 4
        },
        "end": {
          "line": 71,
          "column": 77
        }
      },
      "29": {
        "start": {
          "line": 81,
          "column": 4
        },
        "end": {
          "line": 81,
          "column": 51
        }
      },
      "30": {
        "start": {
          "line": 91,
          "column": 4
        },
        "end": {
          "line": 91,
          "column": 40
        }
      },
      "31": {
        "start": {
          "line": 95,
          "column": 0
        },
        "end": {
          "line": 95,
          "column": 27
        }
      },
      "32": {
        "start": {
          "line": 97,
          "column": 0
        },
        "end": {
          "line": 101,
          "column": 1
        }
      },
      "33": {
        "start": {
          "line": 100,
          "column": 2
        },
        "end": {
          "line": 100,
          "column": 36
        }
      }
    },
    "fnMap": {
      "0": {
        "name": "(anonymous_0)",
        "decl": {
          "start": {
            "line": 2,
            "column": 2
          },
          "end": {
            "line": 2,
            "column": 3
          }
        },
        "loc": {
          "start": {
            "line": 2,
            "column": 25
          },
          "end": {
            "line": 15,
            "column": 3
          }
        },
        "line": 2
      },
      "1": {
        "name": "(anonymous_1)",
        "decl": {
          "start": {
            "line": 7,
            "column": 34
          },
          "end": {
            "line": 7,
            "column": 35
          }
        },
        "loc": {
          "start": {
            "line": 7,
            "column": 41
          },
          "end": {
            "line": 7,
            "column": 56
          }
        },
        "line": 7
      },
      "2": {
        "name": "(anonymous_2)",
        "decl": {
          "start": {
            "line": 17,
            "column": 2
          },
          "end": {
            "line": 17,
            "column": 3
          }
        },
        "loc": {
          "start": {
            "line": 17,
            "column": 28
          },
          "end": {
            "line": 29,
            "column": 3
          }
        },
        "line": 17
      },
      "3": {
        "name": "(anonymous_3)",
        "decl": {
          "start": {
            "line": 20,
            "column": 44
          },
          "end": {
            "line": 20,
            "column": 45
          }
        },
        "loc": {
          "start": {
            "line": 20,
            "column": 51
          },
          "end": {
            "line": 20,
            "column": 66
          }
        },
        "line": 20
      },
      "4": {
        "name": "(anonymous_4)",
        "decl": {
          "start": {
            "line": 31,
            "column": 2
          },
          "end": {
            "line": 31,
            "column": 3
          }
        },
        "loc": {
          "start": {
            "line": 31,
            "column": 30
          },
          "end": {
            "line": 37,
            "column": 3
          }
        },
        "line": 31
      },
      "5": {
        "name": "(anonymous_5)",
        "decl": {
          "start": {
            "line": 36,
            "column": 36
          },
          "end": {
            "line": 36,
            "column": 37
          }
        },
        "loc": {
          "start": {
            "line": 36,
            "column": 43
          },
          "end": {
            "line": 36,
            "column": 58
          }
        },
        "line": 36
      },
      "6": {
        "name": "(anonymous_6)",
        "decl": {
          "start": {
            "line": 39,
            "column": 2
          },
          "end": {
            "line": 39,
            "column": 3
          }
        },
        "loc": {
          "start": {
            "line": 39,
            "column": 28
          },
          "end": {
            "line": 53,
            "column": 3
          }
        },
        "line": 39
      },
      "7": {
        "name": "(anonymous_7)",
        "decl": {
          "start": {
            "line": 43,
            "column": 34
          },
          "end": {
            "line": 43,
            "column": 35
          }
        },
        "loc": {
          "start": {
            "line": 43,
            "column": 41
          },
          "end": {
            "line": 43,
            "column": 52
          }
        },
        "line": 43
      },
      "8": {
        "name": "(anonymous_8)",
        "decl": {
          "start": {
            "line": 55,
            "column": 2
          },
          "end": {
            "line": 55,
            "column": 3
          }
        },
        "loc": {
          "start": {
            "line": 55,
            "column": 27
          },
          "end": {
            "line": 68,
            "column": 3
          }
        },
        "line": 55
      },
      "9": {
        "name": "(anonymous_9)",
        "decl": {
          "start": {
            "line": 70,
            "column": 2
          },
          "end": {
            "line": 70,
            "column": 3
          }
        },
        "loc": {
          "start": {
            "line": 70,
            "column": 38
          },
          "end": {
            "line": 78,
            "column": 3
          }
        },
        "line": 70
      },
      "10": {
        "name": "(anonymous_10)",
        "decl": {
          "start": {
            "line": 80,
            "column": 2
          },
          "end": {
            "line": 80,
            "column": 3
          }
        },
        "loc": {
          "start": {
            "line": 80,
            "column": 21
          },
          "end": {
            "line": 88,
            "column": 3
          }
        },
        "line": 80
      },
      "11": {
        "name": "(anonymous_11)",
        "decl": {
          "start": {
            "line": 90,
            "column": 2
          },
          "end": {
            "line": 90,
            "column": 3
          }
        },
        "loc": {
          "start": {
            "line": 90,
            "column": 39
          },
          "end": {
            "line": 92,
            "column": 3
          }
        },
        "line": 90
      }
    },
    "branchMap": {
      "0": {
        "loc": {
          "start": {
            "line": 8,
            "column": 4
          },
          "end": {
            "line": 14,
            "column": 5
          }
        },
        "type": "if",
        "locations": [
          {
            "start": {
              "line": 8,
              "column": 4
            },
            "end": {
              "line": 14,
              "column": 5
            }
          },
          {
            "start": {
              "line": 8,
              "column": 4
            },
            "end": {
              "line": 14,
              "column": 5
            }
          }
        ],
        "line": 8
      },
      "1": {
        "loc": {
          "start": {
            "line": 22,
            "column": 4
          },
          "end": {
            "line": 28,
            "column": 5
          }
        },
        "type": "if",
        "locations": [
          {
            "start": {
              "line": 22,
              "column": 4
            },
            "end": {
              "line": 28,
              "column": 5
            }
          },
          {
            "start": {
              "line": 22,
              "column": 4
            },
            "end": {
              "line": 28,
              "column": 5
            }
          }
        ],
        "line": 22
      },
      "2": {
        "loc": {
          "start": {
            "line": 46,
            "column": 4
          },
          "end": {
            "line": 48,
            "column": 5
          }
        },
        "type": "if",
        "locations": [
          {
            "start": {
              "line": 46,
              "column": 4
            },
            "end": {
              "line": 48,
              "column": 5
            }
          },
          {
            "start": {
              "line": 46,
              "column": 4
            },
            "end": {
              "line": 48,
              "column": 5
            }
          }
        ],
        "line": 46
      },
      "3": {
        "loc": {
          "start": {
            "line": 60,
            "column": 4
          },
          "end": {
            "line": 65,
            "column": 5
          }
        },
        "type": "if",
        "locations": [
          {
            "start": {
              "line": 60,
              "column": 4
            },
            "end": {
              "line": 65,
              "column": 5
            }
          },
          {
            "start": {
              "line": 60,
              "column": 4
            },
            "end": {
              "line": 65,
              "column": 5
            }
          }
        ],
        "line": 60
      },
      "4": {
        "loc": {
          "start": {
            "line": 97,
            "column": 0
          },
          "end": {
            "line": 101,
            "column": 1
          }
        },
        "type": "if",
        "locations": [
          {
            "start": {
              "line": 97,
              "column": 0
            },
            "end": {
              "line": 101,
              "column": 1
            }
          },
          {
            "start": {
              "line": 97,
              "column": 0
            },
            "end": {
              "line": 101,
              "column": 1
            }
          }
        ],
        "line": 97
      }
    },
    "s": {
      "0": 0,
      "1": 0,
      "2": 0,
      "3": 0,
      "4": 0,
      "5": 0,
      "6": 0,
      "7": 0,
      "8": 0,
      "9": 0,
      "10": 0,
      "11": 0,
      "12": 12,
      "13": 12,
      "14": 0,
      "15": 0,
      "16": 0,
      "17": 0,
      "18": 0,
      "19": 0,
      "20": 0,
      "21": 0,
      "22": 0,
      "23": 14,
      "24": 14,
      "25": 14,
      "26": 0,
      "27": 14,
      "28": 0,
      "29": 0,
      "30": 2,
      "31": 2,
      "32": 2,
      "33": 2
    },
    "f": {
      "0": 0,
      "1": 0,
      "2": 0,
      "3": 0,
      "4": 12,
      "5": 0,
      "6": 0,
      "7": 0,
      "8": 14,
      "9": 0,
      "10": 0,
      "11": 2
    },
    "b": {
      "0": [
        0,
        0
      ],
      "1": [
        0,
        0
      ],
      "2": [
        0,
        0
      ],
      "3": [
        14,
        0
      ],
      "4": [
        2,
        0
      ]
    },
    "_coverageSchema": "1a1c01bbd47fc00a2c39e90264f33305004495a9",
    "hash": "b74c0a5fc0e1cfa3574c08d02b8a69ded1a095f5"
  },
  "/Users/gabi/Learning/cypress/taste-the-sauce/src/components/Button.jsx": {
    "path": "/Users/gabi/Learning/cypress/taste-the-sauce/src/components/Button.jsx",
    "statementMap": {
      "0": {
        "start": {
          "line": 6,
          "column": 28
        },
        "end": {
          "line": 11,
          "column": 1
        }
      },
      "1": {
        "start": {
          "line": 12,
          "column": 28
        },
        "end": {
          "line": 16,
          "column": 1
        }
      },
      "2": {
        "start": {
          "line": 17,
          "column": 15
        },
        "end": {
          "line": 51,
          "column": 1
        }
      },
      "3": {
        "start": {
          "line": 26,
          "column": 26
        },
        "end": {
          "line": 26,
          "column": 40
        }
      },
      "4": {
        "start": {
          "line": 27,
          "column": 21
        },
        "end": {
          "line": 27,
          "column": 57
        }
      },
      "5": {
        "start": {
          "line": 28,
          "column": 21
        },
        "end": {
          "line": 28,
          "column": 35
        }
      },
      "6": {
        "start": {
          "line": 34,
          "column": 2
        },
        "end": {
          "line": 50,
          "column": 4
        }
      },
      "7": {
        "start": {
          "line": 53,
          "column": 0
        },
        "end": {
          "line": 78,
          "column": 2
        }
      },
      "8": {
        "start": {
          "line": 80,
          "column": 0
        },
        "end": {
          "line": 85,
          "column": 2
        }
      }
    },
    "fnMap": {
      "0": {
        "name": "(anonymous_0)",
        "decl": {
          "start": {
            "line": 17,
            "column": 15
          },
          "end": {
            "line": 17,
            "column": 16
          }
        },
        "loc": {
          "start": {
            "line": 25,
            "column": 6
          },
          "end": {
            "line": 51,
            "column": 1
          }
        },
        "line": 25
      }
    },
    "branchMap": {
      "0": {
        "loc": {
          "start": {
            "line": 27,
            "column": 21
          },
          "end": {
            "line": 27,
            "column": 57
          }
        },
        "type": "cond-expr",
        "locations": [
          {
            "start": {
              "line": 27,
              "column": 35
            },
            "end": {
              "line": 27,
              "column": 52
            }
          },
          {
            "start": {
              "line": 27,
              "column": 55
            },
            "end": {
              "line": 27,
              "column": 57
            }
          }
        ],
        "line": 27
      },
      "1": {
        "loc": {
          "start": {
            "line": 37,
            "column": 11
          },
          "end": {
            "line": 43,
            "column": 12
          }
        },
        "type": "cond-expr",
        "locations": [
          {
            "start": {
              "line": 38,
              "column": 10
            },
            "end": {
              "line": 42,
              "column": 11
            }
          },
          {
            "start": {
              "line": 43,
              "column": 10
            },
            "end": {
              "line": 43,
              "column": 12
            }
          }
        ],
        "line": 37
      },
      "2": {
        "loc": {
          "start": {
            "line": 47,
            "column": 7
          },
          "end": {
            "line": 47,
            "column": 50
          }
        },
        "type": "binary-expr",
        "locations": [
          {
            "start": {
              "line": 47,
              "column": 7
            },
            "end": {
              "line": 47,
              "column": 33
            }
          },
          {
            "start": {
              "line": 47,
              "column": 37
            },
            "end": {
              "line": 47,
              "column": 50
            }
          }
        ],
        "line": 47
      }
    },
    "s": {
      "0": 2,
      "1": 2,
      "2": 2,
      "3": 12,
      "4": 12,
      "5": 12,
      "6": 12,
      "7": 2,
      "8": 2
    },
    "f": {
      "0": 12
    },
    "b": {
      "0": [
        12,
        0
      ],
      "1": [
        12,
        0
      ],
      "2": [
        12,
        0
      ]
    },
    "_coverageSchema": "1a1c01bbd47fc00a2c39e90264f33305004495a9",
    "hash": "f5605ca25a75ebc512d3f15166d88f048c3de0af"
  },
  "/Users/gabi/Learning/cypress/taste-the-sauce/src/components/InventoryListItem.jsx": {
    "path": "/Users/gabi/Learning/cypress/taste-the-sauce/src/components/InventoryListItem.jsx",
    "statementMap": {
      "0": {
        "start": {
          "line": 10,
          "column": 26
        },
        "end": {
          "line": 123,
          "column": 1
        }
      },
      "1": {
        "start": {
          "line": 11,
          "column": 56
        },
        "end": {
          "line": 11,
          "column": 61
        }
      },
      "2": {
        "start": {
          "line": 12,
          "column": 38
        },
        "end": {
          "line": 12,
          "column": 77
        }
      },
      "3": {
        "start": {
          "line": 51,
          "column": 15
        },
        "end": {
          "line": 51,
          "column": 17
        }
      },
      "4": {
        "start": {
          "line": 52,
          "column": 2
        },
        "end": {
          "line": 54,
          "column": 3
        }
      },
      "5": {
        "start": {
          "line": 53,
          "column": 4
        },
        "end": {
          "line": 53,
          "column": 15
        }
      },
      "6": {
        "start": {
          "line": 55,
          "column": 19
        },
        "end": {
          "line": 55,
          "column": 58
        }
      },
      "7": {
        "start": {
          "line": 82,
          "column": 14
        },
        "end": {
          "line": 82,
          "column": 56
        }
      },
      "8": {
        "start": {
          "line": 84,
          "column": 2
        },
        "end": {
          "line": 122,
          "column": 3
        }
      },
      "9": {
        "start": {
          "line": 91,
          "column": 12
        },
        "end": {
          "line": 91,
          "column": 32
        }
      },
      "10": {
        "start": {
          "line": 92,
          "column": 12
        },
        "end": {
          "line": 92,
          "column": 34
        }
      },
      "11": {
        "start": {
          "line": 108,
          "column": 14
        },
        "end": {
          "line": 108,
          "column": 34
        }
      },
      "12": {
        "start": {
          "line": 109,
          "column": 14
        },
        "end": {
          "line": 109,
          "column": 36
        }
      },
      "13": {
        "start": {
          "line": 125,
          "column": 0
        },
        "end": {
          "line": 152,
          "column": 1
        }
      }
    },
    "fnMap": {
      "0": {
        "name": "(anonymous_0)",
        "decl": {
          "start": {
            "line": 10,
            "column": 26
          },
          "end": {
            "line": 10,
            "column": 27
          }
        },
        "loc": {
          "start": {
            "line": 10,
            "column": 37
          },
          "end": {
            "line": 123,
            "column": 1
          }
        },
        "line": 10
      },
      "1": {
        "name": "(anonymous_1)",
        "decl": {
          "start": {
            "line": 90,
            "column": 19
          },
          "end": {
            "line": 90,
            "column": 20
          }
        },
        "loc": {
          "start": {
            "line": 90,
            "column": 28
          },
          "end": {
            "line": 93,
            "column": 11
          }
        },
        "line": 90
      },
      "2": {
        "name": "(anonymous_2)",
        "decl": {
          "start": {
            "line": 107,
            "column": 21
          },
          "end": {
            "line": 107,
            "column": 22
          }
        },
        "loc": {
          "start": {
            "line": 107,
            "column": 30
          },
          "end": {
            "line": 110,
            "column": 13
          }
        },
        "line": 107
      }
    },
    "branchMap": {
      "0": {
        "loc": {
          "start": {
            "line": 52,
            "column": 2
          },
          "end": {
            "line": 54,
            "column": 3
          }
        },
        "type": "if",
        "locations": [
          {
            "start": {
              "line": 52,
              "column": 2
            },
            "end": {
              "line": 54,
              "column": 3
            }
          },
          {
            "start": {
              "line": 52,
              "column": 2
            },
            "end": {
              "line": 54,
              "column": 3
            }
          }
        ],
        "line": 52
      },
      "1": {
        "loc": {
          "start": {
            "line": 82,
            "column": 14
          },
          "end": {
            "line": 82,
            "column": 56
          }
        },
        "type": "cond-expr",
        "locations": [
          {
            "start": {
              "line": 82,
              "column": 32
            },
            "end": {
              "line": 82,
              "column": 44
            }
          },
          {
            "start": {
              "line": 82,
              "column": 47
            },
            "end": {
              "line": 82,
              "column": 56
            }
          }
        ],
        "line": 82
      }
    },
    "s": {
      "0": 2,
      "1": 12,
      "2": 12,
      "3": 12,
      "4": 12,
      "5": 0,
      "6": 12,
      "7": 12,
      "8": 12,
      "9": 0,
      "10": 0,
      "11": 0,
      "12": 0,
      "13": 2
    },
    "f": {
      "0": 12,
      "1": 0,
      "2": 0
    },
    "b": {
      "0": [
        0,
        12
      ],
      "1": [
        0,
        12
      ]
    },
    "_coverageSchema": "1a1c01bbd47fc00a2c39e90264f33305004495a9",
    "hash": "32d0a8d5ceb22e3a158477d5a5545c99a4d771ce"
  },
  "/Users/gabi/Learning/cypress/taste-the-sauce/src/components/Footer.jsx": {
    "path": "/Users/gabi/Learning/cypress/taste-the-sauce/src/components/Footer.jsx",
    "statementMap": {
      "0": {
        "start": {
          "line": 5,
          "column": 23
        },
        "end": {
          "line": 45,
          "column": 1
        }
      },
      "1": {
        "start": {
          "line": 6,
          "column": 2
        },
        "end": {
          "line": 44,
          "column": 4
        }
      }
    },
    "fnMap": {
      "0": {
        "name": "(anonymous_0)",
        "decl": {
          "start": {
            "line": 5,
            "column": 23
          },
          "end": {
            "line": 5,
            "column": 24
          }
        },
        "loc": {
          "start": {
            "line": 5,
            "column": 29
          },
          "end": {
            "line": 45,
            "column": 1
          }
        },
        "line": 5
      }
    },
    "branchMap": {},
    "s": {
      "0": 2,
      "1": 2
    },
    "f": {
      "0": 2
    },
    "b": {},
    "_coverageSchema": "1a1c01bbd47fc00a2c39e90264f33305004495a9",
    "hash": "c276644b9739edec11e9348fcb1bfd679ed33be5"
  },
  "/Users/gabi/Learning/cypress/taste-the-sauce/src/components/DrawerMenu.jsx": {
    "path": "/Users/gabi/Learning/cypress/taste-the-sauce/src/components/DrawerMenu.jsx",
    "statementMap": {
      "0": {
        "start": {
          "line": 14,
          "column": 19
        },
        "end": {
          "line": 74,
          "column": 1
        }
      },
      "1": {
        "start": {
          "line": 15,
          "column": 23
        },
        "end": {
          "line": 18,
          "column": 3
        }
      },
      "2": {
        "start": {
          "line": 17,
          "column": 4
        },
        "end": {
          "line": 17,
          "column": 29
        }
      },
      "3": {
        "start": {
          "line": 19,
          "column": 20
        },
        "end": {
          "line": 21,
          "column": 30
        }
      },
      "4": {
        "start": {
          "line": 23,
          "column": 2
        },
        "end": {
          "line": 73,
          "column": 4
        }
      },
      "5": {
        "start": {
          "line": 40,
          "column": 10
        },
        "end": {
          "line": 40,
          "column": 31
        }
      },
      "6": {
        "start": {
          "line": 41,
          "column": 10
        },
        "end": {
          "line": 41,
          "column": 41
        }
      },
      "7": {
        "start": {
          "line": 54,
          "column": 10
        },
        "end": {
          "line": 54,
          "column": 31
        }
      },
      "8": {
        "start": {
          "line": 55,
          "column": 10
        },
        "end": {
          "line": 55,
          "column": 30
        }
      },
      "9": {
        "start": {
          "line": 56,
          "column": 10
        },
        "end": {
          "line": 56,
          "column": 37
        }
      },
      "10": {
        "start": {
          "line": 66,
          "column": 10
        },
        "end": {
          "line": 66,
          "column": 31
        }
      },
      "11": {
        "start": {
          "line": 67,
          "column": 10
        },
        "end": {
          "line": 67,
          "column": 25
        }
      },
      "12": {
        "start": {
          "line": 75,
          "column": 0
        },
        "end": {
          "line": 82,
          "column": 2
        }
      }
    },
    "fnMap": {
      "0": {
        "name": "(anonymous_0)",
        "decl": {
          "start": {
            "line": 14,
            "column": 19
          },
          "end": {
            "line": 14,
            "column": 20
          }
        },
        "loc": {
          "start": {
            "line": 14,
            "column": 36
          },
          "end": {
            "line": 74,
            "column": 1
          }
        },
        "line": 14
      },
      "1": {
        "name": "(anonymous_1)",
        "decl": {
          "start": {
            "line": 15,
            "column": 23
          },
          "end": {
            "line": 15,
            "column": 24
          }
        },
        "loc": {
          "start": {
            "line": 15,
            "column": 29
          },
          "end": {
            "line": 18,
            "column": 3
          }
        },
        "line": 15
      },
      "2": {
        "name": "(anonymous_2)",
        "decl": {
          "start": {
            "line": 39,
            "column": 17
          },
          "end": {
            "line": 39,
            "column": 18
          }
        },
        "loc": {
          "start": {
            "line": 39,
            "column": 26
          },
          "end": {
            "line": 42,
            "column": 9
          }
        },
        "line": 39
      },
      "3": {
        "name": "(anonymous_3)",
        "decl": {
          "start": {
            "line": 53,
            "column": 17
          },
          "end": {
            "line": 53,
            "column": 18
          }
        },
        "loc": {
          "start": {
            "line": 53,
            "column": 26
          },
          "end": {
            "line": 57,
            "column": 9
          }
        },
        "line": 53
      },
      "4": {
        "name": "(anonymous_4)",
        "decl": {
          "start": {
            "line": 65,
            "column": 17
          },
          "end": {
            "line": 65,
            "column": 18
          }
        },
        "loc": {
          "start": {
            "line": 65,
            "column": 26
          },
          "end": {
            "line": 68,
            "column": 9
          }
        },
        "line": 65
      }
    },
    "branchMap": {
      "0": {
        "loc": {
          "start": {
            "line": 19,
            "column": 20
          },
          "end": {
            "line": 21,
            "column": 30
          }
        },
        "type": "cond-expr",
        "locations": [
          {
            "start": {
              "line": 20,
              "column": 6
            },
            "end": {
              "line": 20,
              "column": 39
            }
          },
          {
            "start": {
              "line": 21,
              "column": 6
            },
            "end": {
              "line": 21,
              "column": 30
            }
          }
        ],
        "line": 19
      }
    },
    "s": {
      "0": 2,
      "1": 2,
      "2": 0,
      "3": 2,
      "4": 2,
      "5": 0,
      "6": 0,
      "7": 0,
      "8": 0,
      "9": 0,
      "10": 0,
      "11": 0,
      "12": 2
    },
    "f": {
      "0": 2,
      "1": 0,
      "2": 0,
      "3": 0,
      "4": 0
    },
    "b": {
      "0": [
        0,
        2
      ]
    },
    "_coverageSchema": "1a1c01bbd47fc00a2c39e90264f33305004495a9",
    "hash": "d2ee7629ae67f7c497f75eb2f0fb6502dc244518"
  },
  "/Users/gabi/Learning/cypress/taste-the-sauce/src/components/CartButton.jsx": {
    "path": "/Users/gabi/Learning/cypress/taste-the-sauce/src/components/CartButton.jsx",
    "statementMap": {
      "0": {
        "start": {
          "line": 8,
          "column": 19
        },
        "end": {
          "line": 35,
          "column": 1
        }
      },
      "1": {
        "start": {
          "line": 9,
          "column": 22
        },
        "end": {
          "line": 9,
          "column": 27
        }
      },
      "2": {
        "start": {
          "line": 10,
          "column": 18
        },
        "end": {
          "line": 10,
          "column": 20
        }
      },
      "3": {
        "start": {
          "line": 11,
          "column": 42
        },
        "end": {
          "line": 13,
          "column": 3
        }
      },
      "4": {
        "start": {
          "line": 20,
          "column": 2
        },
        "end": {
          "line": 22,
          "column": 9
        }
      },
      "5": {
        "start": {
          "line": 21,
          "column": 4
        },
        "end": {
          "line": 21,
          "column": 52
        }
      },
      "6": {
        "start": {
          "line": 24,
          "column": 2
        },
        "end": {
          "line": 28,
          "column": 3
        }
      },
      "7": {
        "start": {
          "line": 25,
          "column": 4
        },
        "end": {
          "line": 27,
          "column": 6
        }
      },
      "8": {
        "start": {
          "line": 30,
          "column": 2
        },
        "end": {
          "line": 34,
          "column": 4
        }
      },
      "9": {
        "start": {
          "line": 31,
          "column": 53
        },
        "end": {
          "line": 31,
          "column": 78
        }
      },
      "10": {
        "start": {
          "line": 37,
          "column": 0
        },
        "end": {
          "line": 44,
          "column": 2
        }
      }
    },
    "fnMap": {
      "0": {
        "name": "(anonymous_0)",
        "decl": {
          "start": {
            "line": 8,
            "column": 19
          },
          "end": {
            "line": 8,
            "column": 20
          }
        },
        "loc": {
          "start": {
            "line": 8,
            "column": 30
          },
          "end": {
            "line": 35,
            "column": 1
          }
        },
        "line": 8
      },
      "1": {
        "name": "(anonymous_1)",
        "decl": {
          "start": {
            "line": 20,
            "column": 12
          },
          "end": {
            "line": 20,
            "column": 13
          }
        },
        "loc": {
          "start": {
            "line": 20,
            "column": 18
          },
          "end": {
            "line": 22,
            "column": 3
          }
        },
        "line": 20
      },
      "2": {
        "name": "(anonymous_2)",
        "decl": {
          "start": {
            "line": 31,
            "column": 47
          },
          "end": {
            "line": 31,
            "column": 48
          }
        },
        "loc": {
          "start": {
            "line": 31,
            "column": 53
          },
          "end": {
            "line": 31,
            "column": 78
          }
        },
        "line": 31
      }
    },
    "branchMap": {
      "0": {
        "loc": {
          "start": {
            "line": 24,
            "column": 2
          },
          "end": {
            "line": 28,
            "column": 3
          }
        },
        "type": "if",
        "locations": [
          {
            "start": {
              "line": 24,
              "column": 2
            },
            "end": {
              "line": 28,
              "column": 3
            }
          },
          {
            "start": {
              "line": 24,
              "column": 2
            },
            "end": {
              "line": 28,
              "column": 3
            }
          }
        ],
        "line": 24
      }
    },
    "s": {
      "0": 2,
      "1": 2,
      "2": 2,
      "3": 2,
      "4": 2,
      "5": 2,
      "6": 2,
      "7": 0,
      "8": 2,
      "9": 0,
      "10": 2
    },
    "f": {
      "0": 2,
      "1": 2,
      "2": 0
    },
    "b": {
      "0": [
        0,
        2
      ]
    },
    "_coverageSchema": "1a1c01bbd47fc00a2c39e90264f33305004495a9",
    "hash": "c42072a72558b3ece690f37ca5e9f6b24c70f2eb"
  },
  "/Users/gabi/Learning/cypress/taste-the-sauce/src/components/HeaderContainer.jsx": {
    "path": "/Users/gabi/Learning/cypress/taste-the-sauce/src/components/HeaderContainer.jsx",
    "statementMap": {
      "0": {
        "start": {
          "line": 7,
          "column": 24
        },
        "end": {
          "line": 81,
          "column": 1
        }
      },
      "1": {
        "start": {
          "line": 54,
          "column": 21
        },
        "end": {
          "line": 54,
          "column": 57
        }
      },
      "2": {
        "start": {
          "line": 56,
          "column": 2
        },
        "end": {
          "line": 80,
          "column": 4
        }
      },
      "3": {
        "start": {
          "line": 82,
          "column": 0
        },
        "end": {
          "line": 103,
          "column": 2
        }
      },
      "4": {
        "start": {
          "line": 104,
          "column": 0
        },
        "end": {
          "line": 110,
          "column": 2
        }
      }
    },
    "fnMap": {
      "0": {
        "name": "(anonymous_0)",
        "decl": {
          "start": {
            "line": 7,
            "column": 24
          },
          "end": {
            "line": 7,
            "column": 25
          }
        },
        "loc": {
          "start": {
            "line": 13,
            "column": 6
          },
          "end": {
            "line": 81,
            "column": 1
          }
        },
        "line": 13
      }
    },
    "branchMap": {
      "0": {
        "loc": {
          "start": {
            "line": 54,
            "column": 21
          },
          "end": {
            "line": 54,
            "column": 57
          }
        },
        "type": "cond-expr",
        "locations": [
          {
            "start": {
              "line": 54,
              "column": 35
            },
            "end": {
              "line": 54,
              "column": 52
            }
          },
          {
            "start": {
              "line": 54,
              "column": 55
            },
            "end": {
              "line": 54,
              "column": 57
            }
          }
        ],
        "line": 54
      },
      "1": {
        "loc": {
          "start": {
            "line": 70,
            "column": 9
          },
          "end": {
            "line": 72,
            "column": 9
          }
        },
        "type": "binary-expr",
        "locations": [
          {
            "start": {
              "line": 70,
              "column": 9
            },
            "end": {
              "line": 70,
              "column": 31
            }
          },
          {
            "start": {
              "line": 71,
              "column": 10
            },
            "end": {
              "line": 71,
              "column": 66
            }
          }
        ],
        "line": 70
      },
      "2": {
        "loc": {
          "start": {
            "line": 73,
            "column": 9
          },
          "end": {
            "line": 73,
            "column": 59
          }
        },
        "type": "binary-expr",
        "locations": [
          {
            "start": {
              "line": 73,
              "column": 9
            },
            "end": {
              "line": 73,
              "column": 23
            }
          },
          {
            "start": {
              "line": 73,
              "column": 27
            },
            "end": {
              "line": 73,
              "column": 59
            }
          }
        ],
        "line": 73
      },
      "3": {
        "loc": {
          "start": {
            "line": 74,
            "column": 9
          },
          "end": {
            "line": 74,
            "column": 44
          }
        },
        "type": "binary-expr",
        "locations": [
          {
            "start": {
              "line": 74,
              "column": 9
            },
            "end": {
              "line": 74,
              "column": 27
            }
          },
          {
            "start": {
              "line": 74,
              "column": 31
            },
            "end": {
              "line": 74,
              "column": 44
            }
          }
        ],
        "line": 74
      },
      "4": {
        "loc": {
          "start": {
            "line": 75,
            "column": 9
          },
          "end": {
            "line": 77,
            "column": 9
          }
        },
        "type": "binary-expr",
        "locations": [
          {
            "start": {
              "line": 75,
              "column": 9
            },
            "end": {
              "line": 75,
              "column": 32
            }
          },
          {
            "start": {
              "line": 76,
              "column": 10
            },
            "end": {
              "line": 76,
              "column": 69
            }
          }
        ],
        "line": 75
      }
    },
    "s": {
      "0": 2,
      "1": 2,
      "2": 2,
      "3": 2,
      "4": 2
    },
    "f": {
      "0": 2
    },
    "b": {
      "0": [
        0,
        2
      ],
      "1": [
        2,
        0
      ],
      "2": [
        2,
        2
      ],
      "3": [
        2,
        2
      ],
      "4": [
        2,
        2
      ]
    },
    "_coverageSchema": "1a1c01bbd47fc00a2c39e90264f33305004495a9",
    "hash": "0c09156992543befae4404433b943b1fd1605bf1"
  },
  "/Users/gabi/Learning/cypress/taste-the-sauce/src/utils/Sorting.js": {
    "path": "/Users/gabi/Learning/cypress/taste-the-sauce/src/utils/Sorting.js",
    "statementMap": {
      "0": {
        "start": {
          "line": 9,
          "column": 2
        },
        "end": {
          "line": 9,
          "column": 74
        }
      },
      "1": {
        "start": {
          "line": 9,
          "column": 34
        },
        "end": {
          "line": 9,
          "column": 72
        }
      },
      "2": {
        "start": {
          "line": 20,
          "column": 2
        },
        "end": {
          "line": 20,
          "column": 74
        }
      },
      "3": {
        "start": {
          "line": 20,
          "column": 34
        },
        "end": {
          "line": 20,
          "column": 72
        }
      },
      "4": {
        "start": {
          "line": 31,
          "column": 2
        },
        "end": {
          "line": 31,
          "column": 77
        }
      },
      "5": {
        "start": {
          "line": 31,
          "column": 34
        },
        "end": {
          "line": 31,
          "column": 75
        }
      },
      "6": {
        "start": {
          "line": 42,
          "column": 2
        },
        "end": {
          "line": 42,
          "column": 77
        }
      },
      "7": {
        "start": {
          "line": 42,
          "column": 34
        },
        "end": {
          "line": 42,
          "column": 75
        }
      }
    },
    "fnMap": {
      "0": {
        "name": "sortAsc",
        "decl": {
          "start": {
            "line": 8,
            "column": 16
          },
          "end": {
            "line": 8,
            "column": 23
          }
        },
        "loc": {
          "start": {
            "line": 8,
            "column": 40
          },
          "end": {
            "line": 10,
            "column": 1
          }
        },
        "line": 8
      },
      "1": {
        "name": "(anonymous_1)",
        "decl": {
          "start": {
            "line": 9,
            "column": 24
          },
          "end": {
            "line": 9,
            "column": 25
          }
        },
        "loc": {
          "start": {
            "line": 9,
            "column": 34
          },
          "end": {
            "line": 9,
            "column": 72
          }
        },
        "line": 9
      },
      "2": {
        "name": "sortDesc",
        "decl": {
          "start": {
            "line": 19,
            "column": 16
          },
          "end": {
            "line": 19,
            "column": 24
          }
        },
        "loc": {
          "start": {
            "line": 19,
            "column": 41
          },
          "end": {
            "line": 21,
            "column": 1
          }
        },
        "line": 19
      },
      "3": {
        "name": "(anonymous_3)",
        "decl": {
          "start": {
            "line": 20,
            "column": 24
          },
          "end": {
            "line": 20,
            "column": 25
          }
        },
        "loc": {
          "start": {
            "line": 20,
            "column": 34
          },
          "end": {
            "line": 20,
            "column": 72
          }
        },
        "line": 20
      },
      "4": {
        "name": "sortLoHi",
        "decl": {
          "start": {
            "line": 30,
            "column": 16
          },
          "end": {
            "line": 30,
            "column": 24
          }
        },
        "loc": {
          "start": {
            "line": 30,
            "column": 41
          },
          "end": {
            "line": 32,
            "column": 1
          }
        },
        "line": 30
      },
      "5": {
        "name": "(anonymous_5)",
        "decl": {
          "start": {
            "line": 31,
            "column": 24
          },
          "end": {
            "line": 31,
            "column": 25
          }
        },
        "loc": {
          "start": {
            "line": 31,
            "column": 34
          },
          "end": {
            "line": 31,
            "column": 75
          }
        },
[...]
        "start": {
          "line": 39,
          "column": 4
        },
        "end": {
          "line": 41,
          "column": 5
        }
      },
      "18": {
        "start": {
          "line": 40,
          "column": 6
        },
        "end": {
          "line": 40,
          "column": 48
        }
      },
      "19": {
        "start": {
          "line": 43,
          "column": 4
        },
        "end": {
          "line": 45,
          "column": 5
        }
      },
      "20": {
        "start": {
          "line": 44,
          "column": 6
        },
        "end": {
          "line": 44,
          "column": 47
        }
      },
      "21": {
        "start": {
          "line": 47,
          "column": 4
        },
        "end": {
          "line": 49,
          "column": 5
        }
      },
      "22": {
        "start": {
          "line": 48,
          "column": 6
        },
        "end": {
          "line": 48,
          "column": 49
        }
      },
      "23": {
        "start": {
          "line": 52,
          "column": 4
        },
        "end": {
          "line": 52,
          "column": 43
        }
      },
      "24": {
        "start": {
          "line": 54,
          "column": 4
        },
        "end": {
          "line": 54,
          "column": 14
        }
      },
      "25": {
        "start": {
          "line": 57,
          "column": 2
        },
        "end": {
          "line": 133,
          "column": 4
        }
      },
      "26": {
        "start": {
          "line": 114,
          "column": 20
        },
        "end": {
          "line": 114,
          "column": 41
        }
      },
      "27": {
        "start": {
          "line": 115,
          "column": 20
        },
        "end": {
          "line": 115,
          "column": 46
        }
      },
      "28": {
        "start": {
          "line": 135,
          "column": 0
        },
        "end": {
          "line": 142,
          "column": 2
        }
      }
    },
    "fnMap": {
      "0": {
        "name": "(anonymous_0)",
        "decl": {
          "start": {
            "line": 14,
            "column": 24
          },
          "end": {
            "line": 14,
            "column": 25
          }
        },
        "loc": {
          "start": {
            "line": 14,
            "column": 41
          },
          "end": {
            "line": 134,
            "column": 1
          }
        },
        "line": 14
      },
      "1": {
        "name": "(anonymous_1)",
        "decl": {
          "start": {
            "line": 19,
            "column": 23
          },
          "end": {
            "line": 19,
            "column": 24
          }
        },
        "loc": {
          "start": {
            "line": 19,
            "column": 29
          },
          "end": {
            "line": 21,
            "column": 3
          }
        },
        "line": 19
      },
      "2": {
        "name": "(anonymous_2)",
        "decl": {
          "start": {
            "line": 22,
            "column": 32
          },
          "end": {
            "line": 22,
            "column": 33
          }
        },
        "loc": {
          "start": {
            "line": 22,
            "column": 41
          },
          "end": {
            "line": 24,
            "column": 3
          }
        },
        "line": 22
      },
      "3": {
        "name": "(anonymous_3)",
        "decl": {
          "start": {
            "line": 25,
            "column": 31
          },
          "end": {
            "line": 25,
            "column": 32
          }
        },
        "loc": {
          "start": {
            "line": 25,
            "column": 40
          },
          "end": {
            "line": 32,
            "column": 3
          }
        },
        "line": 25
      },
      "4": {
        "name": "(anonymous_4)",
        "decl": {
          "start": {
            "line": 33,
            "column": 33
          },
          "end": {
            "line": 33,
            "column": 34
          }
        },
        "loc": {
          "start": {
            "line": 33,
            "column": 42
          },
          "end": {
            "line": 35,
            "column": 3
          }
        },
        "line": 33
      },
      "5": {
        "name": "(anonymous_5)",
        "decl": {
          "start": {
            "line": 36,
            "column": 23
          },
          "end": {
            "line": 36,
            "column": 24
          }
        },
        "loc": {
          "start": {
            "line": 36,
            "column": 32
          },
          "end": {
            "line": 55,
            "column": 3
          }
        },
        "line": 36
      },
      "6": {
        "name": "(anonymous_6)",
        "decl": {
          "start": {
            "line": 113,
            "column": 27
          },
          "end": {
            "line": 113,
            "column": 28
          }
        },
        "loc": {
          "start": {
            "line": 113,
            "column": 36
          },
          "end": {
            "line": 116,
            "column": 19
          }
        },
        "line": 113
      }
    },
    "branchMap": {
      "0": {
        "loc": {
          "start": {
            "line": 26,
            "column": 4
          },
          "end": {
            "line": 29,
            "column": 5
          }
        },
        "type": "if",
        "locations": [
          {
            "start": {
              "line": 26,
              "column": 4
            },
            "end": {
              "line": 29,
              "column": 5
            }
          },
          {
            "start": {
              "line": 26,
              "column": 4
            },
            "end": {
              "line": 29,
              "column": 5
            }
          }
        ],
        "line": 26
      },
      "1": {
        "loc": {
          "start": {
            "line": 39,
            "column": 4
          },
          "end": {
            "line": 41,
            "column": 5
          }
        },
        "type": "if",
        "locations": [
          {
            "start": {
              "line": 39,
              "column": 4
            },
            "end": {
              "line": 41,
              "column": 5
            }
          },
          {
            "start": {
              "line": 39,
              "column": 4
            },
            "end": {
              "line": 41,
              "column": 5
            }
          }
        ],
        "line": 39
      },
      "2": {
        "loc": {
          "start": {
            "line": 43,
            "column": 4
          },
          "end": {
            "line": 45,
            "column": 5
          }
        },
        "type": "if",
        "locations": [
          {
            "start": {
              "line": 43,
              "column": 4
            },
            "end": {
              "line": 45,
              "column": 5
            }
          },
          {
            "start": {
              "line": 43,
              "column": 4
            },
            "end": {
              "line": 45,
              "column": 5
            }
          }
        ],
        "line": 43
      },
      "3": {
        "loc": {
          "start": {
            "line": 47,
            "column": 4
          },
          "end": {
            "line": 49,
            "column": 5
          }
        },
        "type": "if",
        "locations": [
          {
            "start": {
              "line": 47,
              "column": 4
            },
            "end": {
              "line": 49,
              "column": 5
            }
          },
          {
            "start": {
              "line": 47,
              "column": 4
            },
            "end": {
              "line": 49,
              "column": 5
            }
          }
        ],
        "line": 47
      }
    },
    "s": {
      "0": 2,
      "1": 0,
      "2": 0,
      "3": 0,
      "4": 0,
      "5": 0,
      "6": 0,
      "7": 0,
      "8": 0,
      "9": 0,
      "10": 0,
      "11": 0,
      "12": 0,
      "13": 0,
      "14": 0,
      "15": 0,
      "16": 0,
      "17": 0,
      "18": 0,
      "19": 0,
      "20": 0,
      "21": 0,
      "22": 0,
      "23": 0,
      "24": 0,
      "25": 0,
      "26": 0,
      "27": 0,
      "28": 2
    },
    "f": {
      "0": 0,
      "1": 0,
      "2": 0,
      "3": 0,
      "4": 0,
      "5": 0,
      "6": 0
    },
    "b": {
      "0": [
        0,
        0
      ],
      "1": [
        0,
        0
      ],
      "2": [
        0,
        0
      ],
      "3": [
        0,
        0
      ]
    },
    "_coverageSchema": "1a1c01bbd47fc00a2c39e90264f33305004495a9",
    "hash": "e7dfb20957c9f203f6f0f455af818500ef5eff1b"
  },
  "/Users/gabi/Learning/cypress/taste-the-sauce/src/pages/CheckOutStepTwo.jsx": {
    "path": "/Users/gabi/Learning/cypress/taste-the-sauce/src/pages/CheckOutStepTwo.jsx",
    "statementMap": {
      "0": {
        "start": {
          "line": 14,
          "column": 24
        },
        "end": {
          "line": 101,
          "column": 1
        }
      },
      "1": {
        "start": {
          "line": 15,
          "column": 20
        },
        "end": {
          "line": 22,
          "column": 3
        }
      },
      "2": {
        "start": {
          "line": 18,
          "column": 4
        },
        "end": {
          "line": 21,
          "column": 5
        }
      },
      "3": {
        "start": {
          "line": 20,
          "column": 6
        },
        "end": {
          "line": 20,
          "column": 30
        }
      },
      "4": {
        "start": {
          "line": 23,
          "column": 19
        },
        "end": {
          "line": 23,
          "column": 49
        }
      },
      "5": {
        "start": {
          "line": 24,
          "column": 19
        },
        "end": {
          "line": 24,
          "column": 20
        }
      },
      "6": {
        "start": {
          "line": 26,
          "column": 2
        },
        "end": {
          "line": 33,
          "column": 3
        }
      },
      "7": {
        "start": {
          "line": 27,
          "column": 17
        },
        "end": {
          "line": 27,
          "column": 34
        }
      },
      "8": {
        "start": {
          "line": 28,
          "column": 4
        },
        "end": {
          "line": 28,
          "column": 67
        }
      },
      "9": {
        "start": {
          "line": 29,
          "column": 4
        },
        "end": {
          "line": 32,
          "column": 5
        }
      },
      "10": {
        "start": {
          "line": 31,
          "column": 6
        },
        "end": {
          "line": 31,
          "column": 73
        }
      },
      "11": {
        "start": {
          "line": 35,
          "column": 19
        },
        "end": {
          "line": 35,
          "column": 49
        }
      },
      "12": {
        "start": {
          "line": 37,
          "column": 2
        },
        "end": {
          "line": 100,
          "column": 3
        }
      },
      "13": {
        "start": {
          "line": 50,
          "column": 16
        },
        "end": {
          "line": 50,
          "column": 73
        }
      },
      "14": {
        "start": {
          "line": 74,
          "column": 20
        },
        "end": {
          "line": 74,
          "column": 40
        }
      },
      "15": {
        "start": {
          "line": 75,
          "column": 20
        },
        "end": {
          "line": 75,
          "column": 50
        }
      },
      "16": {
        "start": {
          "line": 85,
          "column": 20
        },
        "end": {
          "line": 85,
          "column": 40
        }
      },
      "17": {
        "start": {
          "line": 86,
          "column": 20
        },
        "end": {
          "line": 86,
          "column": 31
        }
      },
      "18": {
        "start": {
          "line": 87,
          "column": 20
        },
        "end": {
          "line": 87,
          "column": 58
        }
      },
      "19": {
        "start": {
          "line": 102,
          "column": 0
        },
        "end": {
          "line": 109,
          "column": 1
        }
      }
    },
    "fnMap": {
      "0": {
        "name": "(anonymous_0)",
        "decl": {
          "start": {
            "line": 14,
            "column": 24
          },
          "end": {
            "line": 14,
            "column": 25
          }
        },
        "loc": {
          "start": {
            "line": 14,
            "column": 41
          },
          "end": {
            "line": 101,
            "column": 1
          }
        },
        "line": 14
      },
      "1": {
        "name": "(anonymous_1)",
        "decl": {
          "start": {
            "line": 15,
            "column": 20
          },
          "end": {
            "line": 15,
            "column": 21
          }
        },
        "loc": {
          "start": {
            "line": 15,
            "column": 26
          },
          "end": {
            "line": 22,
            "column": 3
          }
        },
        "line": 15
      },
      "2": {
        "name": "(anonymous_2)",
        "decl": {
          "start": {
            "line": 49,
            "column": 28
          },
          "end": {
            "line": 49,
            "column": 29
          }
        },
        "loc": {
          "start": {
            "line": 49,
            "column": 41
          },
          "end": {
            "line": 51,
            "column": 15
          }
        },
        "line": 49
      },
      "3": {
        "name": "(anonymous_3)",
        "decl": {
          "start": {
            "line": 73,
            "column": 27
          },
          "end": {
            "line": 73,
            "column": 28
          }
        },
        "loc": {
          "start": {
            "line": 73,
            "column": 36
          },
          "end": {
            "line": 76,
            "column": 19
          }
        },
        "line": 73
      },
      "4": {
        "name": "(anonymous_4)",
        "decl": {
          "start": {
            "line": 84,
            "column": 27
          },
          "end": {
            "line": 84,
            "column": 28
          }
        },
        "loc": {
          "start": {
            "line": 84,
            "column": 36
          },
          "end": {
            "line": 88,
            "column": 19
          }
        },
        "line": 84
      }
    },
    "branchMap": {
      "0": {
        "loc": {
          "start": {
            "line": 18,
            "column": 4
          },
          "end": {
            "line": 21,
            "column": 5
          }
        },
        "type": "if",
        "locations": [
          {
            "start": {
              "line": 18,
              "column": 4
            },
            "end": {
              "line": 21,
              "column": 5
            }
          }
        ],
        "line": 18
      },
      "1": {
        "loc": {
          "start": {
            "line": 29,
            "column": 4
          },
          "end": {
            "line": 32,
            "column": 5
          }
        },
        "type": "if",
        "locations": [
          {
            "start": {
              "line": 29,
              "column": 4
            },
            "end": {
              "line": 32,
              "column": 5
            }
          },
          {
            "start": {
              "line": 29,
              "column": 4
            },
            "end": {
              "line": 32,
              "column": 5
            }
          }
        ],
        "line": 29
      }
    },
    "s": {
      "0": 2,
      "1": 0,
      "2": 0,
      "3": 0,
      "4": 0,
      "5": 0,
      "6": 0,
      "7": 0,
      "8": 0,
      "9": 0,
      "10": 0,
      "11": 0,
      "12": 0,
      "13": 0,
      "14": 0,
      "15": 0,
      "16": 0,
      "17": 0,
      "18": 0,
      "19": 2
    },
    "f": {
      "0": 0,
      "1": 0,
      "2": 0,
      "3": 0,
      "4": 0
    },
    "b": {
      "0": [
        0
      ],
      "1": [
        0,
        0
      ]
    },
    "_coverageSchema": "1a1c01bbd47fc00a2c39e90264f33305004495a9",
    "hash": "2ab5db098c80844c8d1e800176864cb487b19a41"
  },
  "/Users/gabi/Learning/cypress/taste-the-sauce/src/pages/Finish.jsx": {
    "path": "/Users/gabi/Learning/cypress/taste-the-sauce/src/pages/Finish.jsx",
    "statementMap": {
      "0": {
        "start": {
          "line": 11,
          "column": 15
        },
        "end": {
          "line": 37,
          "column": 1
        }
      },
      "1": {
        "start": {
          "line": 12,
          "column": 2
        },
        "end": {
          "line": 36,
          "column": 4
        }
      },
      "2": {
        "start": {
          "line": 28,
          "column": 27
        },
        "end": {
          "line": 28,
          "column": 57
        }
      },
      "3": {
        "start": {
          "line": 38,
          "column": 0
        },
        "end": {
          "line": 45,
          "column": 2
        }
      }
    },
    "fnMap": {
      "0": {
        "name": "(anonymous_0)",
        "decl": {
          "start": {
            "line": 11,
            "column": 15
          },
          "end": {
            "line": 11,
            "column": 16
          }
        },
        "loc": {
          "start": {
            "line": 11,
            "column": 32
          },
          "end": {
            "line": 37,
            "column": 1
          }
        },
        "line": 11
      },
      "1": {
        "name": "(anonymous_1)",
        "decl": {
          "start": {
            "line": 28,
            "column": 21
          },
          "end": {
            "line": 28,
            "column": 22
          }
        },
        "loc": {
          "start": {
            "line": 28,
            "column": 27
          },
          "end": {
            "line": 28,
            "column": 57
          }
        },
        "line": 28
      }
    },
    "branchMap": {},
    "s": {
      "0": 2,
      "1": 0,
      "2": 0,
      "3": 2
    },
    "f": {
      "0": 0,
      "1": 0
    },
    "b": {},
    "_coverageSchema": "1a1c01bbd47fc00a2c39e90264f33305004495a9",
    "hash": "279f3d61bd410fc06e0c76bfe930bef14d6fb9cc"
  },
  "/Users/gabi/Learning/cypress/taste-the-sauce/src/components/PrivateRoute.jsx": {
    "path": "/Users/gabi/Learning/cypress/taste-the-sauce/src/components/PrivateRoute.jsx",
    "statementMap": {},
    "fnMap": {},
    "branchMap": {},
    "s": {},
    "f": {},
    "b": {},
    "_coverageSchema": "1a1c01bbd47fc00a2c39e90264f33305004495a9",
    "hash": "0ec0413f7abc3ba9fd316368b23c4a589a7eb6f9"
  },
  "/Users/gabi/Learning/cypress/taste-the-sauce/src/index.jsx": {
    "path": "/Users/gabi/Learning/cypress/taste-the-sauce/src/index.jsx",
    "statementMap": {
      "0": {
        "start": {
          "line": 23,
          "column": 2
        },
        "end": {
          "line": 31,
          "column": 11
        }
      },
      "1": {
        "start": {
          "line": 34,
          "column": 0
        },
        "end": {
          "line": 34,
          "column": 58
        }
      },
      "2": {
        "start": {
          "line": 39,
          "column": 0
        },
        "end": {
          "line": 39,
          "column": 37
        }
      }
    },
    "fnMap": {},
    "branchMap": {},
    "s": {
      "0": 2,
      "1": 2,
      "2": 2
    },
    "f": {},
    "b": {},
    "_coverageSchema": "1a1c01bbd47fc00a2c39e90264f33305004495a9",
    "hash": "20947efe1c3d428607f0976abcb15d0670fb06a1"
  }
}